<?xml version="1.0" encoding="UTF-8"?>
<!-- Generated by org.testng.reporters.JUnitReportReporter -->
<testsuite hostname="Vishnu-Dell" failures="0" tests="1" name="LoginTestCases.BothInCorrect" time="8.228" errors="0" timestamp="2022-05-28T22:07:36 IST" skipped="0">
  <testcase classname="LoginTestCases.BothInCorrect" name="loginWithBothCrct" time="8.228"/>
  <system-out/>
</testsuite> <!-- LoginTestCases.BothInCorrect -->
