<?xml version="1.0" encoding="UTF-8"?>
<!-- Generated by org.testng.reporters.JUnitReportReporter -->
<testsuite hostname="Vishnu-Dell" failures="0" tests="1" name="LoginTestCases.CorrectUsername" time="8.459" errors="0" timestamp="2022-05-28T22:07:35 IST" skipped="0">
  <testcase classname="LoginTestCases.CorrectUsername" name="loginWithCrctUsername" time="8.459"/>
  <system-out/>
</testsuite> <!-- LoginTestCases.CorrectUsername -->
