<?xml version="1.0" encoding="UTF-8"?>
<!-- Generated by org.testng.reporters.JUnitReportReporter -->
<testsuite hostname="Vishnu-Dell" failures="0" tests="1" name="LoginTestCases.CorrectPassword" time="7.942" errors="0" timestamp="2022-05-28T22:07:36 IST" skipped="0">
  <testcase classname="LoginTestCases.CorrectPassword" name="loginWithCrctPass" time="7.942"/>
  <system-out/>
</testsuite> <!-- LoginTestCases.CorrectPassword -->
