<?xml version="1.0" encoding="UTF-8"?>
<!-- Generated by org.testng.reporters.JUnitReportReporter -->
<testsuite hostname="Vishnu-Dell" failures="0" tests="4" name="LoginTestCases.Login" time="7.592" errors="0" timestamp="2022-06-05T16:57:13 IST" skipped="0">
  <testcase classname="LoginTestCases.Login" name="login" time="1.652"/>
  <system-out/>
  <testcase classname="LoginTestCases.Login" name="login" time="1.596"/>
  <system-out/>
  <testcase classname="LoginTestCases.Login" name="login" time="2.396"/>
  <system-out/>
  <testcase classname="LoginTestCases.Login" name="login" time="1.948"/>
  <system-out/>
</testsuite> <!-- LoginTestCases.Login -->
